<?xml version="1.0" encoding="UTF-8"?>
<!-- Generated by org.testng.reporters.JUnitXMLReporter -->
<testsuite ignored="0" hostname="DESKTOP-0N88LAP" failures="1" tests="3" name="Functional Testing - Edge" time="223.766" errors="0" timestamp="2022-02-06T19:08:20 IST">
  <testcase classname="com.qa.testscripts.TestBase" name="@BeforeClass setUp" time="150.208">
    <failure type="org.openqa.selenium.WebDriverException" message="unknown error: DevToolsActivePort file doesn&amp;apos;t exist
Build info: version: &amp;apos;3.141.59&amp;apos;, revision: &amp;apos;e82be7d358&amp;apos;, time: &amp;apos;2018-11-14T08:17:03&amp;apos;
System info: host: &amp;apos;DESKTOP-0N88LAP&amp;apos;, ip: &amp;apos;192.168.29.63&amp;apos;, os.name: &amp;apos;Windows 10&amp;apos;, os.arch: &amp;apos;amd64&amp;apos;, os.version: &amp;apos;10.0&amp;apos;, java.version: &amp;apos;15.0.1&amp;apos;
Driver info: driver.version: EdgeDriver
remote stacktrace: Backtrace:
	Microsoft::Applications::Events::EventProperty::EventProperty [0x00007FF730FD73B2+360450]
	Microsoft::Applications::Events::EventProperty::to_string [0x00007FF730BDBB57+885959]
	Microsoft::Applications::Events::EventProperty::to_string [0x00007FF730C02971+1045217]
	Microsoft::Applications::Events::EventProperty::to_string [0x00007FF730BFBD12+1017474]
	Microsoft::Applications::Events::EventProperty::to_string [0x00007FF730C37F08+1263736]
	Microsoft::Applications::Events::EventProperty::to_string [0x00007FF730C32ED3+1243203]
	Microsoft::Applications::Events::EventProperty::to_string [0x00007FF730C083C0+1068336]
	Microsoft::Applications::Events::EventProperty::to_string [0x00007FF730C094E8+1072728]
	Ordinal0 [0x00007FF730A65ED3+24275]
	Microsoft::Applications::Events::LogManagerProvider::CreateLogManager [0x00007FF730CE82F7+277063]
	Microsoft::Applications::Events::EventProperty::EventProperty [0x00007FF730EB23D2+2946]
	Microsoft::Applications::Events::LogManagerProvider::CreateLogManager [0x00007FF730CB1B1C+53868]
	Microsoft::Applications::Events::EventProperty::EventProperty [0x00007FF730FCC553+315811]
	Microsoft::Applications::Events::EventProperty::EventProperty [0x00007FF730FCBE94+314084]
	Microsoft::Applications::Events::EventProperty::EventProperty [0x00007FF730FCBCDD+313645]
	Microsoft::Applications::Events::EventProperty::EventProperty [0x00007FF730F261F3+477603]
	BaseThreadInitThunk [0x00007FFFBE2B7C24+20]
	RtlUserThreadStart [0x00007FFFBF9AD721+33]
">
      <![CDATA[org.openqa.selenium.WebDriverException: unknown error: DevToolsActivePort file doesn't exist
Build info: version: '3.141.59', revision: 'e82be7d358', time: '2018-11-14T08:17:03'
System info: host: 'DESKTOP-0N88LAP', ip: '192.168.29.63', os.name: 'Windows 10', os.arch: 'amd64', os.version: '10.0', java.version: '15.0.1'
Driver info: driver.version: EdgeDriver
remote stacktrace: Backtrace:
Microsoft::Applications::Events::EventProperty::EventProperty [0x00007FF730FD73B2+360450]
Microsoft::Applications::Events::EventProperty::to_string [0x00007FF730BDBB57+885959]
Microsoft::Applications::Events::EventProperty::to_string [0x00007FF730C02971+1045217]
Microsoft::Applications::Events::EventProperty::to_string [0x00007FF730BFBD12+1017474]
Microsoft::Applications::Events::EventProperty::to_string [0x00007FF730C37F08+1263736]
Microsoft::Applications::Events::EventProperty::to_string [0x00007FF730C32ED3+1243203]
Microsoft::Applications::Events::EventProperty::to_string [0x00007FF730C083C0+1068336]
Microsoft::Applications::Events::EventProperty::to_string [0x00007FF730C094E8+1072728]
Ordinal0 [0x00007FF730A65ED3+24275]
Microsoft::Applications::Events::LogManagerProvider::CreateLogManager [0x00007FF730CE82F7+277063]
Microsoft::Applications::Events::EventProperty::EventProperty [0x00007FF730EB23D2+2946]
Microsoft::Applications::Events::LogManagerProvider::CreateLogManager [0x00007FF730CB1B1C+53868]
Microsoft::Applications::Events::EventProperty::EventProperty [0x00007FF730FCC553+315811]
Microsoft::Applications::Events::EventProperty::EventProperty [0x00007FF730FCBE94+314084]
Microsoft::Applications::Events::EventProperty::EventProperty [0x00007FF730FCBCDD+313645]
Microsoft::Applications::Events::EventProperty::EventProperty [0x00007FF730F261F3+477603]
BaseThreadInitThunk [0x00007FFFBE2B7C24+20]
RtlUserThreadStart [0x00007FFFBF9AD721+33]

at org.openqa.selenium.remote.W3CHandshakeResponse.lambda$errorHandler$0(W3CHandshakeResponse.java:62)
at org.openqa.selenium.remote.HandshakeResponse.lambda$getResponseFunction$0(HandshakeResponse.java:30)
at org.openqa.selenium.remote.ProtocolHandshake.lambda$createSession$0(ProtocolHandshake.java:126)
at java.base/java.util.stream.ReferencePipeline$3$1.accept(ReferencePipeline.java:195)
at java.base/java.util.Spliterators$ArraySpliterator.tryAdvance(Spliterators.java:958)
at java.base/java.util.stream.ReferencePipeline.forEachWithCancel(ReferencePipeline.java:127)
at java.base/java.util.stream.AbstractPipeline.copyIntoWithCancel(AbstractPipeline.java:502)
at java.base/java.util.stream.AbstractPipeline.copyInto(AbstractPipeline.java:488)
at java.base/java.util.stream.AbstractPipeline.wrapAndCopyInto(AbstractPipeline.java:474)
at java.base/java.util.stream.FindOps$FindOp.evaluateSequential(FindOps.java:150)
at java.base/java.util.stream.AbstractPipeline.evaluate(AbstractPipeline.java:234)
at java.base/java.util.stream.ReferencePipeline.findFirst(ReferencePipeline.java:543)
at org.openqa.selenium.remote.ProtocolHandshake.createSession(ProtocolHandshake.java:128)
at org.openqa.selenium.remote.ProtocolHandshake.createSession(ProtocolHandshake.java:74)
at org.openqa.selenium.remote.HttpCommandExecutor.execute(HttpCommandExecutor.java:136)
at org.openqa.selenium.remote.service.DriverCommandExecutor.execute(DriverCommandExecutor.java:83)
at org.openqa.selenium.remote.RemoteWebDriver.execute(RemoteWebDriver.java:552)
at org.openqa.selenium.remote.RemoteWebDriver.startSession(RemoteWebDriver.java:213)
at org.openqa.selenium.remote.RemoteWebDriver.<init>(RemoteWebDriver.java:131)
at org.openqa.selenium.edge.EdgeDriver.<init>(EdgeDriver.java:141)
at org.openqa.selenium.edge.EdgeDriver.<init>(EdgeDriver.java:96)
at com.qa.testscripts.TestBase.setUp(TestBase.java:28)
at java.base/java.util.concurrent.ThreadPoolExecutor.runWorker(ThreadPoolExecutor.java:1130)
at java.base/java.util.concurrent.ThreadPoolExecutor$Worker.run(ThreadPoolExecutor.java:630)
at java.base/java.lang.Thread.run(Thread.java:832)
... Removed 15 stack frames]]>
    </failure>
  </testcase> <!-- @BeforeClass setUp -->
  <testcase classname="com.qa.testscripts.TestBase" name="@AfterClass tearDown" time="-1.64415462756E9">
    <skipped/>
  </testcase> <!-- @AfterClass tearDown -->
  <testcase classname="com.qa.testscripts.TC_Amazon_003" name="ValidateFooterLinks" time="0.0">
    <skipped/>
  </testcase> <!-- ValidateFooterLinks -->
  <testcase classname="com.qa.testscripts.TC_Amazon_001" name="searchItem" time="37.409"/>
  <testcase classname="com.qa.testscripts.TC_Amazon_002" name="registration" time="83.794">
    <failure type="org.openqa.selenium.NoSuchElementException" message="no such element: Unable to locate element: {&amp;quot;method&amp;quot;:&amp;quot;link text&amp;quot;,&amp;quot;selector&amp;quot;:&amp;quot;Start here.&amp;quot;}
  (Session info: MicrosoftEdge=98.0.1108.43)
For documentation on this error, please visit: https://www.seleniumhq.org/exceptions/no_such_element.html
Build info: version: &amp;apos;3.141.59&amp;apos;, revision: &amp;apos;e82be7d358&amp;apos;, time: &amp;apos;2018-11-14T08:17:03&amp;apos;
System info: host: &amp;apos;DESKTOP-0N88LAP&amp;apos;, ip: &amp;apos;192.168.29.63&amp;apos;, os.name: &amp;apos;Windows 10&amp;apos;, os.arch: &amp;apos;amd64&amp;apos;, os.version: &amp;apos;10.0&amp;apos;, java.version: &amp;apos;15.0.1&amp;apos;
Driver info: org.openqa.selenium.edge.EdgeDriver
Capabilities {acceptInsecureCerts: false, browserName: msedge, browserVersion: 98.0.1108.43, javascriptEnabled: true, ms:edgeOptions: {debuggerAddress: localhost:53925}, msedge: {msedgedriverVersion: 97.0.1072.76 (67eb904139a24..., userDataDir: C:\Users\USER\AppData\Local...}, networkConnectionEnabled: false, pageLoadStrategy: normal, platform: WINDOWS, platformName: WINDOWS, proxy: Proxy(), setWindowRect: true, strictFileInteractability: false, timeouts: {implicit: 0, pageLoad: 300000, script: 30000}, unhandledPromptBehavior: dismiss and notify, webauthn:extension:credBlob: true, webauthn:extension:largeBlob: true, webauthn:virtualAuthenticators: true}
Session ID: e380ef968d8d45e759e8dca2970bd012
*** Element info: {Using=link text, value=Start here.}">
      <![CDATA[org.openqa.selenium.NoSuchElementException: no such element: Unable to locate element: {"method":"link text","selector":"Start here."}
  (Session info: MicrosoftEdge=98.0.1108.43)
For documentation on this error, please visit: https://www.seleniumhq.org/exceptions/no_such_element.html
Build info: version: '3.141.59', revision: 'e82be7d358', time: '2018-11-14T08:17:03'
System info: host: 'DESKTOP-0N88LAP', ip: '192.168.29.63', os.name: 'Windows 10', os.arch: 'amd64', os.version: '10.0', java.version: '15.0.1'
Driver info: org.openqa.selenium.edge.EdgeDriver
Capabilities {acceptInsecureCerts: false, browserName: msedge, browserVersion: 98.0.1108.43, javascriptEnabled: true, ms:edgeOptions: {debuggerAddress: localhost:53925}, msedge: {msedgedriverVersion: 97.0.1072.76 (67eb904139a24..., userDataDir: C:\Users\USER\AppData\Local...}, networkConnectionEnabled: false, pageLoadStrategy: normal, platform: WINDOWS, platformName: WINDOWS, proxy: Proxy(), setWindowRect: true, strictFileInteractability: false, timeouts: {implicit: 0, pageLoad: 300000, script: 30000}, unhandledPromptBehavior: dismiss and notify, webauthn:extension:credBlob: true, webauthn:extension:largeBlob: true, webauthn:virtualAuthenticators: true}
Session ID: e380ef968d8d45e759e8dca2970bd012
*** Element info: {Using=link text, value=Start here.}
at org.openqa.selenium.remote.http.W3CHttpResponseCodec.createException(W3CHttpResponseCodec.java:187)
at org.openqa.selenium.remote.http.W3CHttpResponseCodec.decode(W3CHttpResponseCodec.java:122)
at org.openqa.selenium.remote.http.W3CHttpResponseCodec.decode(W3CHttpResponseCodec.java:49)
at org.openqa.selenium.remote.HttpCommandExecutor.execute(HttpCommandExecutor.java:158)
at org.openqa.selenium.remote.service.DriverCommandExecutor.execute(DriverCommandExecutor.java:83)
at org.openqa.selenium.remote.RemoteWebDriver.execute(RemoteWebDriver.java:552)
at org.openqa.selenium.remote.RemoteWebDriver.findElement(RemoteWebDriver.java:323)
at org.openqa.selenium.remote.RemoteWebDriver.findElementByLinkText(RemoteWebDriver.java:380)
at org.openqa.selenium.By$ByLinkText.findElement(By.java:220)
at org.openqa.selenium.remote.RemoteWebDriver.findElement(RemoteWebDriver.java:315)
at org.openqa.selenium.support.pagefactory.DefaultElementLocator.findElement(DefaultElementLocator.java:69)
at org.openqa.selenium.support.pagefactory.internal.LocatingElementHandler.invoke(LocatingElementHandler.java:38)
at com.sun.proxy.$Proxy13.click(Unknown Source)
at com.qa.testscripts.TC_Amazon_002.registration(TC_Amazon_002.java:18)
at java.base/java.util.concurrent.ThreadPoolExecutor.runWorker(ThreadPoolExecutor.java:1130)
at java.base/java.util.concurrent.ThreadPoolExecutor$Worker.run(ThreadPoolExecutor.java:630)
at java.base/java.lang.Thread.run(Thread.java:832)
... Removed 17 stack frames]]>
    </failure>
  </testcase> <!-- registration -->
</testsuite> <!-- Functional Testing - Edge -->
